AR_battleship/Library/Bee/Android/Prj/Mono2x/Gradle/launcher/build/intermediates/manifest_merge_blame_file/release/manifest-merger-blame-release-report.txt
1<?xml version="1.0" encoding="utf-8"?>
2<manifest xmlns:android="http://schemas.android.com/apk/res/android"
3    package="com.DefaultCompany.AR_battleship"
4    android:installLocation="preferExternal"
5    android:versionCode="1"
6    android:versionName="0.1" >
7
8    <uses-sdk
9        android:minSdkVersion="22"
9-->src\main\AndroidManifest.xml
10        android:targetSdkVersion="34" />
10-->src\main\AndroidManifest.xml
11
12    <supports-screens
12-->src\main\AndroidManifest.xml:4:3-163
13        android:anyDensity="true"
13-->src\main\AndroidManifest.xml:4:135-160
14        android:largeScreens="true"
14-->src\main\AndroidManifest.xml:4:78-105
15        android:normalScreens="true"
15-->src\main\AndroidManifest.xml:4:49-77
16        android:smallScreens="true"
16-->src\main\AndroidManifest.xml:4:21-48
17        android:xlargeScreens="true" />
17-->src\main\AndroidManifest.xml:4:106-134
18
19    <uses-permission android:name="android.permission.INTERNET" />
19-->[:unityLibrary] AndroidManifest.xml:8:5-67
19-->[:unityLibrary] AndroidManifest.xml:8:22-64
20
21    <uses-feature android:glEsVersion="0x00020000" />
21-->[:unityLibrary] AndroidManifest.xml:10:5-54
21-->[:unityLibrary] AndroidManifest.xml:10:19-51
22    <uses-feature
22-->[:unityLibrary] AndroidManifest.xml:11:5-13:36
23        android:name="android.hardware.touchscreen"
23-->[:unityLibrary] AndroidManifest.xml:12:9-52
24        android:required="false" />
24-->[:unityLibrary] AndroidManifest.xml:13:9-33
25    <uses-feature
25-->[:unityLibrary] AndroidManifest.xml:14:5-16:36
26        android:name="android.hardware.touchscreen.multitouch"
26-->[:unityLibrary] AndroidManifest.xml:15:9-63
27        android:required="false" />
27-->[:unityLibrary] AndroidManifest.xml:16:9-33
28    <uses-feature
28-->[:unityLibrary] AndroidManifest.xml:17:5-19:36
29        android:name="android.hardware.touchscreen.multitouch.distinct"
29-->[:unityLibrary] AndroidManifest.xml:18:9-72
30        android:required="false" />
30-->[:unityLibrary] AndroidManifest.xml:19:9-33
31
32    <application
32-->src\main\AndroidManifest.xml:3:3-121
33        android:banner="@drawable/app_banner"
33-->src\main\AndroidManifest.xml:3:81-118
34        android:extractNativeLibs="true"
34-->[:unityLibrary] AndroidManifest.xml:22:9-41
35        android:icon="@mipmap/app_icon"
35-->src\main\AndroidManifest.xml:3:49-80
36        android:isGame="true"
36-->[:unityLibrary] AndroidManifest.xml:23:9-30
37        android:label="@string/app_name" >
37-->src\main\AndroidManifest.xml:3:16-48
38        <meta-data
38-->[:unityLibrary] AndroidManifest.xml:24:9-26:33
39            android:name="unity.splash-mode"
39-->[:unityLibrary] AndroidManifest.xml:25:13-45
40            android:value="0" />
40-->[:unityLibrary] AndroidManifest.xml:26:13-30
41        <meta-data
41-->[:unityLibrary] AndroidManifest.xml:27:9-29:36
42            android:name="unity.splash-enable"
42-->[:unityLibrary] AndroidManifest.xml:28:13-47
43            android:value="True" />
43-->[:unityLibrary] AndroidManifest.xml:29:13-33
44        <meta-data
44-->[:unityLibrary] AndroidManifest.xml:30:9-32:36
45            android:name="unity.launch-fullscreen"
45-->[:unityLibrary] AndroidManifest.xml:31:13-51
46            android:value="True" />
46-->[:unityLibrary] AndroidManifest.xml:32:13-33
47        <meta-data
47-->[:unityLibrary] AndroidManifest.xml:33:9-35:37
48            android:name="unity.render-outside-safearea"
48-->[:unityLibrary] AndroidManifest.xml:34:13-57
49            android:value="False" />
49-->[:unityLibrary] AndroidManifest.xml:35:13-34
50        <meta-data
50-->[:unityLibrary] AndroidManifest.xml:36:9-38:36
51            android:name="unity.auto-report-fully-drawn"
51-->[:unityLibrary] AndroidManifest.xml:37:13-57
52            android:value="true" />
52-->[:unityLibrary] AndroidManifest.xml:38:13-33
53
54        <activity
54-->[:unityLibrary] AndroidManifest.xml:40:9-59:20
55            android:name="com.unity3d.player.UnityPlayerActivity"
55-->[:unityLibrary] AndroidManifest.xml:41:13-66
56            android:configChanges="mcc|mnc|locale|touchscreen|keyboard|keyboardHidden|navigation|orientation|screenLayout|uiMode|screenSize|smallestScreenSize|fontScale|layoutDirection|density"
56-->[:unityLibrary] AndroidManifest.xml:42:13-194
57            android:exported="true"
57-->[:unityLibrary] AndroidManifest.xml:43:13-36
58            android:hardwareAccelerated="false"
58-->[:unityLibrary] AndroidManifest.xml:44:13-48
59            android:launchMode="singleTask"
59-->[:unityLibrary] AndroidManifest.xml:45:13-44
60            android:resizeableActivity="false"
60-->[:unityLibrary] AndroidManifest.xml:46:13-47
61            android:screenOrientation="fullUser"
61-->[:unityLibrary] AndroidManifest.xml:47:13-49
62            android:theme="@style/UnityThemeSelector" >
62-->[:unityLibrary] AndroidManifest.xml:48:13-54
63            <intent-filter>
63-->[:unityLibrary] AndroidManifest.xml:49:13-54:29
64                <category android:name="android.intent.category.LAUNCHER" />
64-->[:unityLibrary] AndroidManifest.xml:50:17-77
64-->[:unityLibrary] AndroidManifest.xml:50:27-74
65                <category android:name="android.intent.category.LEANBACK_LAUNCHER" />
65-->[:unityLibrary] AndroidManifest.xml:51:17-86
65-->[:unityLibrary] AndroidManifest.xml:51:27-83
66
67                <action android:name="android.intent.action.MAIN" />
67-->[:unityLibrary] AndroidManifest.xml:53:17-69
67-->[:unityLibrary] AndroidManifest.xml:53:25-66
68            </intent-filter>
69
70            <meta-data
70-->[:unityLibrary] AndroidManifest.xml:56:13-58:40
71                android:name="unityplayer.UnityActivity"
71-->[:unityLibrary] AndroidManifest.xml:57:17-57
72                android:value="true" />
72-->[:unityLibrary] AndroidManifest.xml:58:17-37
73        </activity>
74    </application>
75
76</manifest>